
Cloning into '.'...
Your branch is up to date with 'origin/master'.
to install to /var/lib/xibuild/build/xipkg/xss-lock
============xss-lock=============
==========================build stage==========================
-- The C compiler identification is GNU 11.2.0
-- Detecting C compiler ABI info
-- Detecting C compiler ABI info - done
-- Check for working C compiler: /bin/cc - skipped
-- Detecting C compile features
-- Detecting C compile features - done
-- Found PkgConfig: /bin/pkg-config (found version "0.29.2") 
-- Checking for modules 'glib-2.0>=2.32;gio-unix-2.0'
--   Found glib-2.0, version 2.72.1
--   Found gio-unix-2.0, version 2.72.1
-- Checking for modules 'xcb;xcb-aux;xcb-event;xcb-screensaver'
--   Found xcb, version 1.14
--   Found xcb-aux, version 0.4.0
--   Found xcb-event, version 0.4.0
--   Found xcb-screensaver, version 1.14
-- Configuring done
-- Generating done
-- Build files have been written to: /var/lib/xibuild/build/build
[ 25%] Generating xss-lock.1
[ 50%] Building C object src/CMakeFiles/xss-lock.dir/xcb_utils.c.o
[ 75%] Building C object src/CMakeFiles/xss-lock.dir/xss-lock.c.o
[ 75%] Built target man
[100%] Linking C executable xss-lock
[100%] Built target xss-lock
==========================package stage==========================
-- Install configuration: ""
-- Installing: /var/lib/xibuild/build/xipkg/xss-lock/usr/share/doc/xss-lock/NEWS
-- Installing: /var/lib/xibuild/build/xipkg/xss-lock/usr/bin/xss-lock
-- Installing: /var/lib/xibuild/build/xipkg/xss-lock/usr/share/man/man1/xss-lock.1
-- Installing: /var/lib/xibuild/build/xipkg/xss-lock/usr/share/doc/xss-lock/dim-screen.sh
-- Installing: /var/lib/xibuild/build/xipkg/xss-lock/usr/share/doc/xss-lock/xdg-screensaver.patch
-- Installing: /var/lib/xibuild/build/xipkg/xss-lock/usr/share/doc/xss-lock/transfer-sleep-lock-i3lock.sh
-- Installing: /var/lib/xibuild/build/xipkg/xss-lock/usr/share/doc/xss-lock/transfer-sleep-lock-generic-delay.sh
-- Installing: /var/lib/xibuild/build/xipkg/xss-lock/usr/share/zsh/site-functions/_xss-lock
-- Installing: /var/lib/xibuild/build/xipkg/xss-lock/usr/share/bash-completion/completions/xss-lock
checking for postinstall... no postinstall
